  [1m[35m (4.9ms)[0m  [1m[35mCREATE TABLE "schema_migrations" ("version" varchar NOT NULL PRIMARY KEY)[0m
  [1m[35m (3.3ms)[0m  [1m[35mCREATE TABLE "ar_internal_metadata" ("key" varchar NOT NULL PRIMARY KEY, "value" varchar, "created_at" datetime NOT NULL, "updated_at" datetime NOT NULL)[0m
  [1m[36mActiveRecord::SchemaMigration Load (0.2ms)[0m  [1m[34mSELECT "schema_migrations".* FROM "schema_migrations"[0m
  [1m[36mActiveRecord::SchemaMigration Load (2.1ms)[0m  [1m[34mSELECT "schema_migrations".* FROM "schema_migrations"[0m
Migrating to DeviseCreateUsers (20161103041553)
  [1m[35m (0.5ms)[0m  [1m[36mbegin transaction[0m
  [1m[35m (1.6ms)[0m  [1m[35mCREATE TABLE "users" ("id" INTEGER PRIMARY KEY AUTOINCREMENT NOT NULL, "email" varchar DEFAULT '' NOT NULL, "encrypted_password" varchar DEFAULT '' NOT NULL, "reset_password_token" varchar, "reset_password_sent_at" datetime, "remember_created_at" datetime, "sign_in_count" integer DEFAULT 0 NOT NULL, "current_sign_in_at" datetime, "last_sign_in_at" datetime, "current_sign_in_ip" varchar, "last_sign_in_ip" varchar, "created_at" datetime NOT NULL, "updated_at" datetime NOT NULL)[0m
  [1m[35m (3.0ms)[0m  [1m[34mselect sqlite_version(*)[0m
  [1m[35m (6.7ms)[0m  [1m[35mCREATE UNIQUE INDEX "index_users_on_email" ON "users" ("email")[0m
  [1m[35m (0.6ms)[0m  [1m[34m            SELECT sql
            FROM sqlite_master
            WHERE name='index_users_on_email' AND type='index'
            UNION ALL
            SELECT sql
            FROM sqlite_temp_master
            WHERE name='index_users_on_email' AND type='index'
[0m
  [1m[35m (0.4ms)[0m  [1m[35mCREATE UNIQUE INDEX "index_users_on_reset_password_token" ON "users" ("reset_password_token")[0m
  [1m[35mSQL (0.5ms)[0m  [1m[32mINSERT INTO "schema_migrations" ("version") VALUES (?)[0m  [["version", "20161103041553"]]
  [1m[35m (9.6ms)[0m  [1m[36mcommit transaction[0m
Migrating to RolifyCreateRoles (20161103041649)
  [1m[35m (0.3ms)[0m  [1m[36mbegin transaction[0m
DEPRECATION WARNING: Directly inheriting from ActiveRecord::Migration is deprecated. Please specify the Rails release the migration was written for:

  class RolifyCreateRoles < ActiveRecord::Migration[4.2] (called from require at /Users/rohitanu/apps/disney_world/bin/rails:9)
  [1m[35m (0.8ms)[0m  [1m[35mCREATE TABLE "roles" ("id" INTEGER PRIMARY KEY AUTOINCREMENT NOT NULL, "name" varchar, "resource_type" varchar, "resource_id" integer, "created_at" datetime, "updated_at" datetime)[0m
  [1m[35m (0.3ms)[0m  [1m[35mCREATE TABLE "users_roles" ("user_id" integer, "role_id" integer)[0m
  [1m[35m (0.2ms)[0m  [1m[35mCREATE  INDEX "index_roles_on_name" ON "roles" ("name")[0m
  [1m[35m (0.1ms)[0m  [1m[34m            SELECT sql
            FROM sqlite_master
            WHERE name='index_roles_on_name' AND type='index'
            UNION ALL
            SELECT sql
            FROM sqlite_temp_master
            WHERE name='index_roles_on_name' AND type='index'
[0m
  [1m[35m (0.1ms)[0m  [1m[35mCREATE  INDEX "index_roles_on_name_and_resource_type_and_resource_id" ON "roles" ("name", "resource_type", "resource_id")[0m
  [1m[35m (0.2ms)[0m  [1m[35mCREATE  INDEX "index_users_roles_on_user_id_and_role_id" ON "users_roles" ("user_id", "role_id")[0m
  [1m[35mSQL (0.2ms)[0m  [1m[32mINSERT INTO "schema_migrations" ("version") VALUES (?)[0m  [["version", "20161103041649"]]
  [1m[35m (5.8ms)[0m  [1m[36mcommit transaction[0m
Migrating to CreateRides (20161103042134)
  [1m[35m (0.1ms)[0m  [1m[36mbegin transaction[0m
  [1m[35m (0.9ms)[0m  [1m[35mCREATE TABLE "rides" ("id" INTEGER PRIMARY KEY AUTOINCREMENT NOT NULL, "name" varchar, "park" integer, "created_at" datetime NOT NULL, "updated_at" datetime NOT NULL)[0m
  [1m[35mSQL (0.9ms)[0m  [1m[32mINSERT INTO "schema_migrations" ("version") VALUES (?)[0m  [["version", "20161103042134"]]
  [1m[35m (4.4ms)[0m  [1m[36mcommit transaction[0m
  [1m[36mActiveRecord::InternalMetadata Load (5.4ms)[0m  [1m[34mSELECT  "ar_internal_metadata".* FROM "ar_internal_metadata" WHERE "ar_internal_metadata"."key" = ? LIMIT ?[0m  [["key", :environment], ["LIMIT", 1]]
  [1m[35m (0.1ms)[0m  [1m[36mbegin transaction[0m
  [1m[35mSQL (0.6ms)[0m  [1m[32mINSERT INTO "ar_internal_metadata" ("key", "value", "created_at", "updated_at") VALUES (?, ?, ?, ?)[0m  [["key", "environment"], ["value", "development"], ["created_at", 2016-11-03 04:26:13 UTC], ["updated_at", 2016-11-03 04:26:13 UTC]]
  [1m[35m (6.6ms)[0m  [1m[36mcommit transaction[0m
  [1m[36mActiveRecord::SchemaMigration Load (0.2ms)[0m  [1m[34mSELECT "schema_migrations".* FROM "schema_migrations"[0m
  [1m[35m (0.2ms)[0m  [1m[34m            SELECT sql
            FROM sqlite_master
            WHERE name='index_roles_on_name_and_resource_type_and_resource_id' AND type='index'
            UNION ALL
            SELECT sql
            FROM sqlite_temp_master
            WHERE name='index_roles_on_name_and_resource_type_and_resource_id' AND type='index'
[0m
  [1m[35m (0.3ms)[0m  [1m[34m            SELECT sql
            FROM sqlite_master
            WHERE name='index_roles_on_name' AND type='index'
            UNION ALL
            SELECT sql
            FROM sqlite_temp_master
            WHERE name='index_roles_on_name' AND type='index'
[0m
  [1m[35m (0.3ms)[0m  [1m[34m            SELECT sql
            FROM sqlite_master
            WHERE name='index_users_on_reset_password_token' AND type='index'
            UNION ALL
            SELECT sql
            FROM sqlite_temp_master
            WHERE name='index_users_on_reset_password_token' AND type='index'
[0m
  [1m[35m (0.2ms)[0m  [1m[34m            SELECT sql
            FROM sqlite_master
            WHERE name='index_users_on_email' AND type='index'
            UNION ALL
            SELECT sql
            FROM sqlite_temp_master
            WHERE name='index_users_on_email' AND type='index'
[0m
  [1m[35m (0.3ms)[0m  [1m[34m            SELECT sql
            FROM sqlite_master
            WHERE name='index_users_roles_on_user_id_and_role_id' AND type='index'
            UNION ALL
            SELECT sql
            FROM sqlite_temp_master
            WHERE name='index_users_roles_on_user_id_and_role_id' AND type='index'
[0m
  [1m[36mActiveRecord::SchemaMigration Load (1.4ms)[0m  [1m[34mSELECT "schema_migrations".* FROM "schema_migrations"[0m
  [1m[35m (0.5ms)[0m  [1m[36mbegin transaction[0m
  [1m[35mSQL (3.4ms)[0m  [1m[32mINSERT INTO "rides" ("name", "park", "created_at", "updated_at") VALUES (?, ?, ?, ?)[0m  [["name", "Astro Orbiter"], ["park", 1], ["created_at", 2016-11-03 04:26:37 UTC], ["updated_at", 2016-11-03 04:26:37 UTC]]
  [1m[35m (3.4ms)[0m  [1m[36mcommit transaction[0m
  [1m[35m (0.2ms)[0m  [1m[36mbegin transaction[0m
  [1m[35mSQL (13.4ms)[0m  [1m[32mINSERT INTO "rides" ("name", "park", "created_at", "updated_at") VALUES (?, ?, ?, ?)[0m  [["name", "Cinderella Castle"], ["park", 1], ["created_at", 2016-11-03 04:26:37 UTC], ["updated_at", 2016-11-03 04:26:37 UTC]]
  [1m[35m (3.0ms)[0m  [1m[36mcommit transaction[0m
  [1m[35m (0.2ms)[0m  [1m[36mbegin transaction[0m
  [1m[35mSQL (0.9ms)[0m  [1m[32mINSERT INTO "rides" ("name", "park", "created_at", "updated_at") VALUES (?, ?, ?, ?)[0m  [["name", "Dumbo the Flying Elephant"], ["park", 1], ["created_at", 2016-11-03 04:26:37 UTC], ["updated_at", 2016-11-03 04:26:37 UTC]]
  [1m[35m (2.8ms)[0m  [1m[36mcommit transaction[0m
  [1m[35m (0.1ms)[0m  [1m[36mbegin transaction[0m
  [1m[35mSQL (0.4ms)[0m  [1m[32mINSERT INTO "rides" ("name", "park", "created_at", "updated_at") VALUES (?, ?, ?, ?)[0m  [["name", "DinoLand"], ["park", 2], ["created_at", 2016-11-03 04:26:37 UTC], ["updated_at", 2016-11-03 04:26:37 UTC]]
  [1m[35m (3.0ms)[0m  [1m[36mcommit transaction[0m
  [1m[35m (0.1ms)[0m  [1m[36mbegin transaction[0m
  [1m[35mSQL (5.5ms)[0m  [1m[32mINSERT INTO "rides" ("name", "park", "created_at", "updated_at") VALUES (?, ?, ?, ?)[0m  [["name", "Festival of the Lion King"], ["park", 2], ["created_at", 2016-11-03 04:26:37 UTC], ["updated_at", 2016-11-03 04:26:37 UTC]]
  [1m[35m (3.4ms)[0m  [1m[36mcommit transaction[0m
  [1m[35m (0.1ms)[0m  [1m[36mbegin transaction[0m
  [1m[35mSQL (0.7ms)[0m  [1m[32mINSERT INTO "rides" ("name", "park", "created_at", "updated_at") VALUES (?, ?, ?, ?)[0m  [["name", "Pandora, the World of Avatar"], ["park", 2], ["created_at", 2016-11-03 04:26:37 UTC], ["updated_at", 2016-11-03 04:26:37 UTC]]
  [1m[35m (3.2ms)[0m  [1m[36mcommit transaction[0m
  [1m[35m (0.3ms)[0m  [1m[36mbegin transaction[0m
  [1m[35mSQL (0.5ms)[0m  [1m[32mINSERT INTO "rides" ("name", "park", "created_at", "updated_at") VALUES (?, ?, ?, ?)[0m  [["name", "Catastrophe Canyon"], ["park", 3], ["created_at", 2016-11-03 04:26:37 UTC], ["updated_at", 2016-11-03 04:26:37 UTC]]
  [1m[35m (3.0ms)[0m  [1m[36mcommit transaction[0m
  [1m[35m (0.1ms)[0m  [1m[36mbegin transaction[0m
  [1m[35mSQL (0.7ms)[0m  [1m[32mINSERT INTO "rides" ("name", "park", "created_at", "updated_at") VALUES (?, ?, ?, ?)[0m  [["name", "Fantasmic!"], ["park", 3], ["created_at", 2016-11-03 04:26:37 UTC], ["updated_at", 2016-11-03 04:26:37 UTC]]
  [1m[35m (1.1ms)[0m  [1m[36mcommit transaction[0m
  [1m[35m (0.1ms)[0m  [1m[36mbegin transaction[0m
  [1m[35mSQL (0.4ms)[0m  [1m[32mINSERT INTO "rides" ("name", "park", "created_at", "updated_at") VALUES (?, ?, ?, ?)[0m  [["name", "Pixar Place"], ["park", 3], ["created_at", 2016-11-03 04:26:37 UTC], ["updated_at", 2016-11-03 04:26:37 UTC]]
  [1m[35m (2.5ms)[0m  [1m[36mcommit transaction[0m
  [1m[35m (0.1ms)[0m  [1m[36mbegin transaction[0m
  [1m[35mSQL (0.4ms)[0m  [1m[32mINSERT INTO "rides" ("name", "park", "created_at", "updated_at") VALUES (?, ?, ?, ?)[0m  [["name", "Typhoon Lagoon"], ["park", 0], ["created_at", 2016-11-03 04:26:37 UTC], ["updated_at", 2016-11-03 04:26:37 UTC]]
  [1m[35m (10.0ms)[0m  [1m[36mcommit transaction[0m
  [1m[35m (0.1ms)[0m  [1m[36mbegin transaction[0m
  [1m[35mSQL (0.8ms)[0m  [1m[32mINSERT INTO "rides" ("name", "park", "created_at", "updated_at") VALUES (?, ?, ?, ?)[0m  [["name", "Beach Water Park"], ["park", 0], ["created_at", 2016-11-03 04:26:37 UTC], ["updated_at", 2016-11-03 04:26:37 UTC]]
  [1m[35m (5.3ms)[0m  [1m[36mcommit transaction[0m
  [1m[35m (0.6ms)[0m  [1m[36mbegin transaction[0m
  [1m[35mSQL (0.6ms)[0m  [1m[32mINSERT INTO "rides" ("name", "park", "created_at", "updated_at") VALUES (?, ?, ?, ?)[0m  [["name", "Oak Trail Golf Course"], ["park", 0], ["created_at", 2016-11-03 04:26:37 UTC], ["updated_at", 2016-11-03 04:26:37 UTC]]
  [1m[35m (2.8ms)[0m  [1m[36mcommit transaction[0m
Started GET "/" for ::1 at 2016-11-03 15:48:49 +1100
Started GET "/users/sign_up" for ::1 at 2016-11-03 15:48:49 +1100
  [1m[36mActiveRecord::SchemaMigration Load (2.2ms)[0m  [1m[34mSELECT "schema_migrations".* FROM "schema_migrations"[0m
  [1m[36mActiveRecord::SchemaMigration Load (0.8ms)[0m  [1m[34mSELECT "schema_migrations".* FROM "schema_migrations"[0m
Processing by Devise::RegistrationsController#new as HTML
  Rendering /Users/rohitanu/.rvm/gems/ruby-2.3.1@rails500/gems/devise-4.2.0/app/views/devise/registrations/new.html.erb within layouts/application
  Rendered /Users/rohitanu/.rvm/gems/ruby-2.3.1@rails500/gems/devise-4.2.0/app/views/devise/shared/_links.html.erb (2.4ms)
  Rendered /Users/rohitanu/.rvm/gems/ruby-2.3.1@rails500/gems/devise-4.2.0/app/views/devise/registrations/new.html.erb within layouts/application (108.0ms)
Completed 200 OK in 1341ms (Views: 1255.8ms | ActiveRecord: 15.6ms)


Processing by Rails::WelcomeController#index as HTML
  Parameters: {"internal"=>true}
  Rendering /Users/rohitanu/.rvm/gems/ruby-2.3.1@rails500/gems/railties-5.0.0.1/lib/rails/templates/rails/welcome/index.html.erb
  Rendered /Users/rohitanu/.rvm/gems/ruby-2.3.1@rails500/gems/railties-5.0.0.1/lib/rails/templates/rails/welcome/index.html.erb (4.9ms)
Completed 200 OK in 20ms (Views: 9.1ms | ActiveRecord: 0.0ms)


Started GET "/rides" for ::1 at 2016-11-03 15:49:15 +1100
Processing by RidesController#index as HTML
  Rendering rides/index.html.erb within layouts/application
  [1m[36mRide Load (3.4ms)[0m  [1m[34mSELECT "rides".* FROM "rides"[0m
  Rendered rides/index.html.erb within layouts/application (60.8ms)
Completed 200 OK in 300ms (Views: 236.2ms | ActiveRecord: 4.6ms)


Started GET "/rides" for ::1 at 2016-11-03 15:53:45 +1100
Processing by RidesController#index as HTML
  Rendering rides/index.html.erb within layouts/application
  [1m[36mRide Load (134.3ms)[0m  [1m[34mSELECT "rides".* FROM "rides"[0m
  Rendered rides/index.html.erb within layouts/application (157.5ms)
Completed 200 OK in 305ms (Views: 143.0ms | ActiveRecord: 134.3ms)


Started GET "/rides/1" for ::1 at 2016-11-03 15:54:24 +1100
Processing by RidesController#show as HTML
  Parameters: {"id"=>"1"}
  [1m[36mRide Load (6.9ms)[0m  [1m[34mSELECT  "rides".* FROM "rides" WHERE "rides"."id" = ? LIMIT ?[0m  [["id", 1], ["LIMIT", 1]]
  Rendering rides/show.html.erb within layouts/application
  Rendered rides/show.html.erb within layouts/application (7.1ms)
Completed 200 OK in 326ms (Views: 187.3ms | ActiveRecord: 6.9ms)


Started GET "/rides/new" for ::1 at 2016-11-03 15:54:35 +1100
Processing by RidesController#new as HTML
  Rendering rides/new.html.erb within layouts/application
  Rendered rides/_form.html.erb (12.3ms)
  Rendered rides/new.html.erb within layouts/application (17.2ms)
Completed 200 OK in 89ms (Views: 85.1ms | ActiveRecord: 0.0ms)


Started GET "/rides" for ::1 at 2016-11-03 15:59:14 +1100
Processing by RidesController#index as HTML
  Rendering rides/index.html.erb within layouts/application
  [1m[36mRide Load (1.7ms)[0m  [1m[34mSELECT "rides".* FROM "rides"[0m
  Rendered rides/index.html.erb within layouts/application (29.7ms)
Completed 200 OK in 164ms (Views: 137.4ms | ActiveRecord: 1.7ms)


Started GET "/rides/new" for ::1 at 2016-11-03 15:59:16 +1100
Processing by RidesController#new as HTML
  Rendering rides/new.html.erb within layouts/application
  Rendered rides/_form.html.erb (26.0ms)
  Rendered rides/new.html.erb within layouts/application (29.8ms)
Completed 200 OK in 76ms (Views: 71.0ms | ActiveRecord: 0.0ms)


Started GET "/rides" for ::1 at 2016-11-03 15:59:18 +1100
Processing by RidesController#index as HTML
  Rendering rides/index.html.erb within layouts/application
  [1m[36mRide Load (2.8ms)[0m  [1m[34mSELECT "rides".* FROM "rides"[0m
  Rendered rides/index.html.erb within layouts/application (10.0ms)
Completed 200 OK in 43ms (Views: 37.0ms | ActiveRecord: 2.8ms)


Started GET "/rides/1/edit" for ::1 at 2016-11-03 15:59:19 +1100
Processing by RidesController#edit as HTML
  Parameters: {"id"=>"1"}
  [1m[36mRide Load (0.6ms)[0m  [1m[34mSELECT  "rides".* FROM "rides" WHERE "rides"."id" = ? LIMIT ?[0m  [["id", 1], ["LIMIT", 1]]
  Rendering rides/edit.html.erb within layouts/application
  Rendered rides/_form.html.erb (2.9ms)
  Rendered rides/edit.html.erb within layouts/application (4.8ms)
Completed 200 OK in 109ms (Views: 97.0ms | ActiveRecord: 0.6ms)


Started PATCH "/rides/1" for ::1 at 2016-11-03 15:59:37 +1100
Processing by RidesController#update as HTML
  Parameters: {"utf8"=>"✓", "authenticity_token"=>"NHL6AWdtEM4/OhQGOr+wqG1yt4nrkaNX4gOWK1B/1lRjKoYJ4u5jSfxCPL2M6h306MSQr09FN1SXuFGkqgnaOQ==", "ride"=>{"name"=>"Astro Orbiter", "park"=>"animal_kingdom"}, "commit"=>"Update Ride", "id"=>"1"}
  [1m[36mRide Load (0.2ms)[0m  [1m[34mSELECT  "rides".* FROM "rides" WHERE "rides"."id" = ? LIMIT ?[0m  [["id", 1], ["LIMIT", 1]]
  [1m[35m (0.1ms)[0m  [1m[36mbegin transaction[0m
  [1m[35mSQL (2.7ms)[0m  [1m[33mUPDATE "rides" SET "park" = ?, "updated_at" = ? WHERE "rides"."id" = ?[0m  [["park", 2], ["updated_at", 2016-11-03 04:59:37 UTC], ["id", 1]]
  [1m[35m (3.8ms)[0m  [1m[36mcommit transaction[0m
Redirected to http://localhost:3000/rides/1
Completed 302 Found in 24ms (ActiveRecord: 6.9ms)


Started GET "/rides/1" for ::1 at 2016-11-03 15:59:37 +1100
Processing by RidesController#show as HTML
  Parameters: {"id"=>"1"}
  [1m[36mRide Load (0.3ms)[0m  [1m[34mSELECT  "rides".* FROM "rides" WHERE "rides"."id" = ? LIMIT ?[0m  [["id", 1], ["LIMIT", 1]]
  Rendering rides/show.html.erb within layouts/application
  Rendered rides/show.html.erb within layouts/application (1.2ms)
Completed 200 OK in 73ms (Views: 66.0ms | ActiveRecord: 0.3ms)


Started GET "/rides/1/edit" for ::1 at 2016-11-03 16:00:43 +1100
Processing by RidesController#edit as HTML
  Parameters: {"id"=>"1"}
  [1m[36mRide Load (1.9ms)[0m  [1m[34mSELECT  "rides".* FROM "rides" WHERE "rides"."id" = ? LIMIT ?[0m  [["id", 1], ["LIMIT", 1]]
  Rendering rides/edit.html.erb within layouts/application
  Rendered rides/_form.html.erb (22.8ms)
  Rendered rides/edit.html.erb within layouts/application (30.2ms)
Completed 200 OK in 187ms (Views: 151.1ms | ActiveRecord: 1.9ms)


Started GET "/rides" for ::1 at 2016-11-03 16:00:44 +1100
Processing by RidesController#index as HTML
  Rendering rides/index.html.erb within layouts/application
  [1m[36mRide Load (0.6ms)[0m  [1m[34mSELECT "rides".* FROM "rides"[0m
  Rendered rides/index.html.erb within layouts/application (8.0ms)
Completed 200 OK in 53ms (Views: 48.4ms | ActiveRecord: 0.6ms)


Started GET "/rides" for ::1 at 2016-11-03 16:03:05 +1100
Processing by RidesController#index as HTML
  Rendering rides/index.html.erb within layouts/application
  [1m[36mRide Load (12.0ms)[0m  [1m[34mSELECT "rides".* FROM "rides"[0m
  Rendered rides/index.html.erb within layouts/application (41.4ms)
Completed 200 OK in 151ms (Views: 126.8ms | ActiveRecord: 13.0ms)


Started GET "/rides/new" for ::1 at 2016-11-03 16:03:08 +1100
Processing by RidesController#new as HTML
  Rendering rides/new.html.erb within layouts/application
  Rendered rides/_form.html.erb (6.9ms)
  Rendered rides/new.html.erb within layouts/application (9.5ms)
Completed 200 OK in 47ms (Views: 42.2ms | ActiveRecord: 0.0ms)


Started GET "/rides" for ::1 at 2016-11-03 16:03:09 +1100
Processing by RidesController#index as HTML
  Rendering rides/index.html.erb within layouts/application
  [1m[36mRide Load (1.1ms)[0m  [1m[34mSELECT "rides".* FROM "rides"[0m
  Rendered rides/index.html.erb within layouts/application (10.3ms)
Completed 200 OK in 78ms (Views: 69.1ms | ActiveRecord: 1.1ms)


Started GET "/rides/1" for ::1 at 2016-11-03 16:03:11 +1100
Processing by RidesController#show as HTML
  Parameters: {"id"=>"1"}
  [1m[36mRide Load (0.3ms)[0m  [1m[34mSELECT  "rides".* FROM "rides" WHERE "rides"."id" = ? LIMIT ?[0m  [["id", 1], ["LIMIT", 1]]
Completed 500 Internal Server Error in 94ms (ActiveRecord: 1.9ms)


  
CanCan::AccessDenied (You are not authorized to access this page.):
  
app/controllers/rides_controller.rb:13:in `show'
  Rendering /Users/rohitanu/.rvm/gems/ruby-2.3.1@rails500/gems/actionpack-5.0.0.1/lib/action_dispatch/middleware/templates/rescues/diagnostics.html.erb within rescues/layout
  Rendering /Users/rohitanu/.rvm/gems/ruby-2.3.1@rails500/gems/actionpack-5.0.0.1/lib/action_dispatch/middleware/templates/rescues/_source.html.erb
  Rendered /Users/rohitanu/.rvm/gems/ruby-2.3.1@rails500/gems/actionpack-5.0.0.1/lib/action_dispatch/middleware/templates/rescues/_source.html.erb (3.2ms)
  Rendering /Users/rohitanu/.rvm/gems/ruby-2.3.1@rails500/gems/actionpack-5.0.0.1/lib/action_dispatch/middleware/templates/rescues/_trace.html.erb
  Rendered /Users/rohitanu/.rvm/gems/ruby-2.3.1@rails500/gems/actionpack-5.0.0.1/lib/action_dispatch/middleware/templates/rescues/_trace.html.erb (2.3ms)
  Rendering /Users/rohitanu/.rvm/gems/ruby-2.3.1@rails500/gems/actionpack-5.0.0.1/lib/action_dispatch/middleware/templates/rescues/_request_and_response.html.erb
  Rendered /Users/rohitanu/.rvm/gems/ruby-2.3.1@rails500/gems/actionpack-5.0.0.1/lib/action_dispatch/middleware/templates/rescues/_request_and_response.html.erb (1.8ms)
  Rendered /Users/rohitanu/.rvm/gems/ruby-2.3.1@rails500/gems/actionpack-5.0.0.1/lib/action_dispatch/middleware/templates/rescues/diagnostics.html.erb within rescues/layout (95.1ms)
Started GET "/rides" for ::1 at 2016-11-03 16:03:19 +1100
Processing by RidesController#index as HTML
Started GET "/rides" for ::1 at 2016-11-03 16:03:19 +1100
Processing by RidesController#index as HTML
  Rendering rides/index.html.erb within layouts/application
  [1m[36mRide Load (0.4ms)[0m  [1m[34mSELECT "rides".* FROM "rides"[0m
  Rendered rides/index.html.erb within layouts/application (6.6ms)
  Rendering rides/index.html.erb within layouts/application
  [1m[36mRide Load (0.3ms)[0m  [1m[34mSELECT "rides".* FROM "rides"[0m
  Rendered rides/index.html.erb within layouts/application (6.6ms)
Completed 200 OK in 69ms (Views: 64.8ms | ActiveRecord: 0.3ms)


Completed 200 OK in 83ms (Views: 79.6ms | ActiveRecord: 0.4ms)


Started GET "/rides/5" for ::1 at 2016-11-03 16:03:20 +1100
Processing by RidesController#show as HTML
  Parameters: {"id"=>"5"}
  [1m[36mRide Load (0.4ms)[0m  [1m[34mSELECT  "rides".* FROM "rides" WHERE "rides"."id" = ? LIMIT ?[0m  [["id", 5], ["LIMIT", 1]]
Completed 500 Internal Server Error in 18ms (ActiveRecord: 0.4ms)


  
CanCan::AccessDenied (You are not authorized to access this page.):
  
app/controllers/rides_controller.rb:13:in `show'
  Rendering /Users/rohitanu/.rvm/gems/ruby-2.3.1@rails500/gems/actionpack-5.0.0.1/lib/action_dispatch/middleware/templates/rescues/diagnostics.html.erb within rescues/layout
  Rendering /Users/rohitanu/.rvm/gems/ruby-2.3.1@rails500/gems/actionpack-5.0.0.1/lib/action_dispatch/middleware/templates/rescues/_source.html.erb
  Rendered /Users/rohitanu/.rvm/gems/ruby-2.3.1@rails500/gems/actionpack-5.0.0.1/lib/action_dispatch/middleware/templates/rescues/_source.html.erb (3.6ms)
  Rendering /Users/rohitanu/.rvm/gems/ruby-2.3.1@rails500/gems/actionpack-5.0.0.1/lib/action_dispatch/middleware/templates/rescues/_trace.html.erb
  Rendered /Users/rohitanu/.rvm/gems/ruby-2.3.1@rails500/gems/actionpack-5.0.0.1/lib/action_dispatch/middleware/templates/rescues/_trace.html.erb (1.9ms)
  Rendering /Users/rohitanu/.rvm/gems/ruby-2.3.1@rails500/gems/actionpack-5.0.0.1/lib/action_dispatch/middleware/templates/rescues/_request_and_response.html.erb
  Rendered /Users/rohitanu/.rvm/gems/ruby-2.3.1@rails500/gems/actionpack-5.0.0.1/lib/action_dispatch/middleware/templates/rescues/_request_and_response.html.erb (1.1ms)
  Rendered /Users/rohitanu/.rvm/gems/ruby-2.3.1@rails500/gems/actionpack-5.0.0.1/lib/action_dispatch/middleware/templates/rescues/diagnostics.html.erb within rescues/layout (81.4ms)
Started GET "/rides" for ::1 at 2016-11-03 16:03:22 +1100
Processing by RidesController#index as HTML
  Rendering rides/index.html.erb within layouts/application
  [1m[36mRide Load (0.5ms)[0m  [1m[34mSELECT "rides".* FROM "rides"[0m
  Rendered rides/index.html.erb within layouts/application (6.1ms)
Completed 200 OK in 32ms (Views: 28.6ms | ActiveRecord: 0.5ms)


Started GET "/rides/7/edit" for ::1 at 2016-11-03 16:03:49 +1100
Processing by RidesController#edit as HTML
  Parameters: {"id"=>"7"}
  [1m[36mRide Load (2.4ms)[0m  [1m[34mSELECT  "rides".* FROM "rides" WHERE "rides"."id" = ? LIMIT ?[0m  [["id", 7], ["LIMIT", 1]]
  Rendering rides/edit.html.erb within layouts/application
  Rendered rides/_form.html.erb (2.8ms)
  Rendered rides/edit.html.erb within layouts/application (4.8ms)
Completed 200 OK in 94ms (Views: 85.6ms | ActiveRecord: 2.4ms)


Started GET "/rides/1" for ::1 at 2016-11-03 16:11:31 +1100
Processing by RidesController#show as HTML
  Parameters: {"id"=>"1"}
  [1m[36mRide Load (1.0ms)[0m  [1m[34mSELECT  "rides".* FROM "rides" WHERE "rides"."id" = ? LIMIT ?[0m  [["id", 1], ["LIMIT", 1]]
Completed 500 Internal Server Error in 41ms (ActiveRecord: 1.0ms)


  
CanCan::AccessDenied (You are not authorized to access this page.):
  
app/controllers/rides_controller.rb:13:in `show'
  Rendering /Users/rohitanu/.rvm/gems/ruby-2.3.1@rails500/gems/actionpack-5.0.0.1/lib/action_dispatch/middleware/templates/rescues/diagnostics.html.erb within rescues/layout
  Rendering /Users/rohitanu/.rvm/gems/ruby-2.3.1@rails500/gems/actionpack-5.0.0.1/lib/action_dispatch/middleware/templates/rescues/_source.html.erb
  Rendered /Users/rohitanu/.rvm/gems/ruby-2.3.1@rails500/gems/actionpack-5.0.0.1/lib/action_dispatch/middleware/templates/rescues/_source.html.erb (71.1ms)
  Rendering /Users/rohitanu/.rvm/gems/ruby-2.3.1@rails500/gems/actionpack-5.0.0.1/lib/action_dispatch/middleware/templates/rescues/_trace.html.erb
  Rendered /Users/rohitanu/.rvm/gems/ruby-2.3.1@rails500/gems/actionpack-5.0.0.1/lib/action_dispatch/middleware/templates/rescues/_trace.html.erb (5.6ms)
  Rendering /Users/rohitanu/.rvm/gems/ruby-2.3.1@rails500/gems/actionpack-5.0.0.1/lib/action_dispatch/middleware/templates/rescues/_request_and_response.html.erb
  Rendered /Users/rohitanu/.rvm/gems/ruby-2.3.1@rails500/gems/actionpack-5.0.0.1/lib/action_dispatch/middleware/templates/rescues/_request_and_response.html.erb (3.3ms)
  Rendered /Users/rohitanu/.rvm/gems/ruby-2.3.1@rails500/gems/actionpack-5.0.0.1/lib/action_dispatch/middleware/templates/rescues/diagnostics.html.erb within rescues/layout (224.1ms)
Started GET "/rides" for ::1 at 2016-11-03 16:11:33 +1100
Processing by RidesController#index as HTML
  Rendering rides/index.html.erb within layouts/application
  [1m[36mRide Load (0.5ms)[0m  [1m[34mSELECT "rides".* FROM "rides"[0m
  Rendered rides/index.html.erb within layouts/application (15.4ms)
Completed 200 OK in 101ms (Views: 97.8ms | ActiveRecord: 0.5ms)


Started GET "/" for ::1 at 2016-11-03 16:12:25 +1100
Processing by Rails::WelcomeController#index as HTML
  Parameters: {"internal"=>true}
  Rendering /Users/rohitanu/.rvm/gems/ruby-2.3.1@rails500/gems/railties-5.0.0.1/lib/rails/templates/rails/welcome/index.html.erb
  Rendered /Users/rohitanu/.rvm/gems/ruby-2.3.1@rails500/gems/railties-5.0.0.1/lib/rails/templates/rails/welcome/index.html.erb (11.0ms)
Completed 200 OK in 32ms (Views: 15.8ms | ActiveRecord: 0.0ms)


Started GET "/articles" for ::1 at 2016-11-03 16:12:32 +1100
  
ActionController::RoutingError (No route matches [GET] "/articles"):
  
actionpack (5.0.0.1) lib/action_dispatch/middleware/debug_exceptions.rb:53:in `call'
web-console (3.4.0) lib/web_console/middleware.rb:135:in `call_app'
web-console (3.4.0) lib/web_console/middleware.rb:28:in `block in call'
web-console (3.4.0) lib/web_console/middleware.rb:18:in `catch'
web-console (3.4.0) lib/web_console/middleware.rb:18:in `call'
actionpack (5.0.0.1) lib/action_dispatch/middleware/show_exceptions.rb:31:in `call'
railties (5.0.0.1) lib/rails/rack/logger.rb:36:in `call_app'
railties (5.0.0.1) lib/rails/rack/logger.rb:24:in `block in call'
activesupport (5.0.0.1) lib/active_support/tagged_logging.rb:70:in `block in tagged'
activesupport (5.0.0.1) lib/active_support/tagged_logging.rb:26:in `tagged'
activesupport (5.0.0.1) lib/active_support/tagged_logging.rb:70:in `tagged'
railties (5.0.0.1) lib/rails/rack/logger.rb:24:in `call'
sprockets-rails (3.2.0) lib/sprockets/rails/quiet_assets.rb:13:in `call'
actionpack (5.0.0.1) lib/action_dispatch/middleware/request_id.rb:24:in `call'
rack (2.0.1) lib/rack/method_override.rb:22:in `call'
rack (2.0.1) lib/rack/runtime.rb:22:in `call'
activesupport (5.0.0.1) lib/active_support/cache/strategy/local_cache_middleware.rb:28:in `call'
actionpack (5.0.0.1) lib/action_dispatch/middleware/executor.rb:12:in `call'
actionpack (5.0.0.1) lib/action_dispatch/middleware/static.rb:136:in `call'
rack (2.0.1) lib/rack/sendfile.rb:111:in `call'
railties (5.0.0.1) lib/rails/engine.rb:522:in `call'
puma (3.6.0) lib/puma/configuration.rb:225:in `call'
puma (3.6.0) lib/puma/server.rb:578:in `handle_request'
puma (3.6.0) lib/puma/server.rb:415:in `process_client'
puma (3.6.0) lib/puma/server.rb:275:in `block in run'
puma (3.6.0) lib/puma/thread_pool.rb:116:in `block in spawn_thread'
  Rendering /Users/rohitanu/.rvm/gems/ruby-2.3.1@rails500/gems/actionpack-5.0.0.1/lib/action_dispatch/middleware/templates/rescues/routing_error.html.erb within rescues/layout
  Rendering /Users/rohitanu/.rvm/gems/ruby-2.3.1@rails500/gems/actionpack-5.0.0.1/lib/action_dispatch/middleware/templates/rescues/_trace.html.erb
  Rendered /Users/rohitanu/.rvm/gems/ruby-2.3.1@rails500/gems/actionpack-5.0.0.1/lib/action_dispatch/middleware/templates/rescues/_trace.html.erb (3.6ms)
  Rendered collection of /Users/rohitanu/.rvm/gems/ruby-2.3.1@rails500/gems/actionpack-5.0.0.1/lib/action_dispatch/middleware/templates/routes/_route.html.erb [23 times] (43.2ms)
  Rendered /Users/rohitanu/.rvm/gems/ruby-2.3.1@rails500/gems/actionpack-5.0.0.1/lib/action_dispatch/middleware/templates/routes/_table.html.erb (26.6ms)
  Rendering /Users/rohitanu/.rvm/gems/ruby-2.3.1@rails500/gems/actionpack-5.0.0.1/lib/action_dispatch/middleware/templates/rescues/_request_and_response.html.erb
  Rendered /Users/rohitanu/.rvm/gems/ruby-2.3.1@rails500/gems/actionpack-5.0.0.1/lib/action_dispatch/middleware/templates/rescues/_request_and_response.html.erb (3.6ms)
  Rendered /Users/rohitanu/.rvm/gems/ruby-2.3.1@rails500/gems/actionpack-5.0.0.1/lib/action_dispatch/middleware/templates/rescues/routing_error.html.erb within rescues/layout (200.0ms)
Started GET "/magazine" for ::1 at 2016-11-03 16:12:41 +1100
  
ActionController::RoutingError (No route matches [GET] "/magazine"):
  
actionpack (5.0.0.1) lib/action_dispatch/middleware/debug_exceptions.rb:53:in `call'
web-console (3.4.0) lib/web_console/middleware.rb:135:in `call_app'
web-console (3.4.0) lib/web_console/middleware.rb:28:in `block in call'
web-console (3.4.0) lib/web_console/middleware.rb:18:in `catch'
web-console (3.4.0) lib/web_console/middleware.rb:18:in `call'
actionpack (5.0.0.1) lib/action_dispatch/middleware/show_exceptions.rb:31:in `call'
railties (5.0.0.1) lib/rails/rack/logger.rb:36:in `call_app'
railties (5.0.0.1) lib/rails/rack/logger.rb:24:in `block in call'
activesupport (5.0.0.1) lib/active_support/tagged_logging.rb:70:in `block in tagged'
activesupport (5.0.0.1) lib/active_support/tagged_logging.rb:26:in `tagged'
activesupport (5.0.0.1) lib/active_support/tagged_logging.rb:70:in `tagged'
railties (5.0.0.1) lib/rails/rack/logger.rb:24:in `call'
sprockets-rails (3.2.0) lib/sprockets/rails/quiet_assets.rb:13:in `call'
actionpack (5.0.0.1) lib/action_dispatch/middleware/request_id.rb:24:in `call'
rack (2.0.1) lib/rack/method_override.rb:22:in `call'
rack (2.0.1) lib/rack/runtime.rb:22:in `call'
activesupport (5.0.0.1) lib/active_support/cache/strategy/local_cache_middleware.rb:28:in `call'
actionpack (5.0.0.1) lib/action_dispatch/middleware/executor.rb:12:in `call'
actionpack (5.0.0.1) lib/action_dispatch/middleware/static.rb:136:in `call'
rack (2.0.1) lib/rack/sendfile.rb:111:in `call'
railties (5.0.0.1) lib/rails/engine.rb:522:in `call'
puma (3.6.0) lib/puma/configuration.rb:225:in `call'
puma (3.6.0) lib/puma/server.rb:578:in `handle_request'
puma (3.6.0) lib/puma/server.rb:415:in `process_client'
puma (3.6.0) lib/puma/server.rb:275:in `block in run'
puma (3.6.0) lib/puma/thread_pool.rb:116:in `block in spawn_thread'
  Rendering /Users/rohitanu/.rvm/gems/ruby-2.3.1@rails500/gems/actionpack-5.0.0.1/lib/action_dispatch/middleware/templates/rescues/routing_error.html.erb within rescues/layout
  Rendering /Users/rohitanu/.rvm/gems/ruby-2.3.1@rails500/gems/actionpack-5.0.0.1/lib/action_dispatch/middleware/templates/rescues/_trace.html.erb
  Rendered /Users/rohitanu/.rvm/gems/ruby-2.3.1@rails500/gems/actionpack-5.0.0.1/lib/action_dispatch/middleware/templates/rescues/_trace.html.erb (1.8ms)
  Rendered collection of /Users/rohitanu/.rvm/gems/ruby-2.3.1@rails500/gems/actionpack-5.0.0.1/lib/action_dispatch/middleware/templates/routes/_route.html.erb [23 times] (19.2ms)
  Rendered /Users/rohitanu/.rvm/gems/ruby-2.3.1@rails500/gems/actionpack-5.0.0.1/lib/action_dispatch/middleware/templates/routes/_table.html.erb (3.1ms)
  Rendering /Users/rohitanu/.rvm/gems/ruby-2.3.1@rails500/gems/actionpack-5.0.0.1/lib/action_dispatch/middleware/templates/rescues/_request_and_response.html.erb
  Rendered /Users/rohitanu/.rvm/gems/ruby-2.3.1@rails500/gems/actionpack-5.0.0.1/lib/action_dispatch/middleware/templates/rescues/_request_and_response.html.erb (1.2ms)
  Rendered /Users/rohitanu/.rvm/gems/ruby-2.3.1@rails500/gems/actionpack-5.0.0.1/lib/action_dispatch/middleware/templates/rescues/routing_error.html.erb within rescues/layout (121.8ms)
Started GET "/" for ::1 at 2016-11-04 15:02:00 +1100
  [1m[36mActiveRecord::SchemaMigration Load (0.3ms)[0m  [1m[34mSELECT "schema_migrations".* FROM "schema_migrations"[0m
Processing by Rails::WelcomeController#index as HTML
  Parameters: {"internal"=>true}
  Rendering /Users/iankhor/.rvm/gems/ruby-2.3.1@rails500/gems/railties-5.0.0.1/lib/rails/templates/rails/welcome/index.html.erb
  Rendered /Users/iankhor/.rvm/gems/ruby-2.3.1@rails500/gems/railties-5.0.0.1/lib/rails/templates/rails/welcome/index.html.erb (18.4ms)
Completed 200 OK in 81ms (Views: 36.7ms | ActiveRecord: 0.0ms)


Started GET "/" for ::1 at 2016-11-04 15:02:03 +1100
Processing by Rails::WelcomeController#index as HTML
  Parameters: {"internal"=>true}
  Rendering /Users/iankhor/.rvm/gems/ruby-2.3.1@rails500/gems/railties-5.0.0.1/lib/rails/templates/rails/welcome/index.html.erb
  Rendered /Users/iankhor/.rvm/gems/ruby-2.3.1@rails500/gems/railties-5.0.0.1/lib/rails/templates/rails/welcome/index.html.erb (6.5ms)
Completed 200 OK in 16ms (Views: 11.1ms | ActiveRecord: 0.0ms)


Started GET "/rides" for ::1 at 2016-11-04 15:02:04 +1100
Processing by RidesController#index as HTML
  Rendering rides/index.html.erb within layouts/application
  [1m[36mRide Load (0.7ms)[0m  [1m[34mSELECT "rides".* FROM "rides"[0m
  Rendered rides/index.html.erb within layouts/application (36.9ms)
Started GET "/rides" for ::1 at 2016-11-04 15:02:04 +1100
Processing by RidesController#index as HTML
  Rendering rides/index.html.erb within layouts/application
  [1m[36mRide Load (2.1ms)[0m  [1m[34mSELECT "rides".* FROM "rides"[0m
  Rendered rides/index.html.erb within layouts/application (21.7ms)
Completed 200 OK in 829ms (Views: 822.3ms | ActiveRecord: 2.1ms)


Completed 200 OK in 1404ms (Views: 1391.5ms | ActiveRecord: 1.7ms)


Started GET "/rides/1" for ::1 at 2016-11-04 15:02:07 +1100
Processing by RidesController#show as HTML
  Parameters: {"id"=>"1"}
  [1m[36mRide Load (0.6ms)[0m  [1m[34mSELECT  "rides".* FROM "rides" WHERE "rides"."id" = ? LIMIT ?[0m  [["id", 1], ["LIMIT", 1]]
Completed 500 Internal Server Error in 190ms (ActiveRecord: 3.5ms)


  
CanCan::AccessDenied (You are not authorized to access this page.):
  
app/controllers/rides_controller.rb:13:in `show'
  Rendering /Users/iankhor/.rvm/gems/ruby-2.3.1@rails500/gems/actionpack-5.0.0.1/lib/action_dispatch/middleware/templates/rescues/diagnostics.html.erb within rescues/layout
  Rendering /Users/iankhor/.rvm/gems/ruby-2.3.1@rails500/gems/actionpack-5.0.0.1/lib/action_dispatch/middleware/templates/rescues/_source.html.erb
  Rendered /Users/iankhor/.rvm/gems/ruby-2.3.1@rails500/gems/actionpack-5.0.0.1/lib/action_dispatch/middleware/templates/rescues/_source.html.erb (8.0ms)
  Rendering /Users/iankhor/.rvm/gems/ruby-2.3.1@rails500/gems/actionpack-5.0.0.1/lib/action_dispatch/middleware/templates/rescues/_trace.html.erb
  Rendered /Users/iankhor/.rvm/gems/ruby-2.3.1@rails500/gems/actionpack-5.0.0.1/lib/action_dispatch/middleware/templates/rescues/_trace.html.erb (4.3ms)
  Rendering /Users/iankhor/.rvm/gems/ruby-2.3.1@rails500/gems/actionpack-5.0.0.1/lib/action_dispatch/middleware/templates/rescues/_request_and_response.html.erb
  Rendered /Users/iankhor/.rvm/gems/ruby-2.3.1@rails500/gems/actionpack-5.0.0.1/lib/action_dispatch/middleware/templates/rescues/_request_and_response.html.erb (2.1ms)
  Rendered /Users/iankhor/.rvm/gems/ruby-2.3.1@rails500/gems/actionpack-5.0.0.1/lib/action_dispatch/middleware/templates/rescues/diagnostics.html.erb within rescues/layout (169.1ms)
Started GET "/rides" for ::1 at 2016-11-04 15:02:10 +1100
Processing by RidesController#index as HTML
  Rendering rides/index.html.erb within layouts/application
  [1m[36mRide Load (0.6ms)[0m  [1m[34mSELECT "rides".* FROM "rides"[0m
  Rendered rides/index.html.erb within layouts/application (10.7ms)
Completed 200 OK in 76ms (Views: 69.3ms | ActiveRecord: 0.6ms)


Started GET "/rides/1/edit" for ::1 at 2016-11-04 15:02:11 +1100
Processing by RidesController#edit as HTML
  Parameters: {"id"=>"1"}
  [1m[36mRide Load (0.8ms)[0m  [1m[34mSELECT  "rides".* FROM "rides" WHERE "rides"."id" = ? LIMIT ?[0m  [["id", 1], ["LIMIT", 1]]
  Rendering rides/edit.html.erb within layouts/application
  Rendered rides/_form.html.erb (30.6ms)
  Rendered rides/edit.html.erb within layouts/application (41.8ms)
Completed 200 OK in 112ms (Views: 104.7ms | ActiveRecord: 0.8ms)


